# Logfile created on Thu Jan 28 21:28:35 +0100 2010/!\ FAILSAFE /!\  Thu Jan 28 21:31:46 +0100 2010
  Status: 500 Internal Server Error
  no such file to load -- mysql
    /Library/Ruby/Site/1.8/rubygems/custom_require.rb:31:in `gem_original_require'
    /Library/Ruby/Site/1.8/rubygems/custom_require.rb:31:in `require'
    /Library/Ruby/Gems/1.8/gems/activesupport-2.3.5/lib/active_support/dependencies.rb:156:in `require'
    /Library/Ruby/Gems/1.8/gems/activesupport-2.3.5/lib/active_support/dependencies.rb:521:in `new_constants_in'
    /Library/Ruby/Gems/1.8/gems/activesupport-2.3.5/lib/active_support/dependencies.rb:156:in `require'
    /Library/Ruby/Gems/1.8/gems/activesupport-2.3.5/lib/active_support/core_ext/kernel/requires.rb:7:in `require_library_or_gem'
    /Library/Ruby/Gems/1.8/gems/activesupport-2.3.5/lib/active_support/core_ext/kernel/reporting.rb:11:in `silence_warnings'
    /Library/Ruby/Gems/1.8/gems/activesupport-2.3.5/lib/active_support/core_ext/kernel/requires.rb:5:in `require_library_or_gem'
    /Library/Ruby/Gems/1.8/gems/activerecord-2.3.5/lib/active_record/connection_adapters/mysql_adapter.rb:61:in `mysql_connection'
    /Library/Ruby/Gems/1.8/gems/activerecord-2.3.5/lib/active_record/connection_adapters/abstract/connection_pool.rb:223:in `send'
    /Library/Ruby/Gems/1.8/gems/activerecord-2.3.5/lib/active_record/connection_adapters/abstract/connection_pool.rb:223:in `new_connection'
    /Library/Ruby/Gems/1.8/gems/activerecord-2.3.5/lib/active_record/connection_adapters/abstract/connection_pool.rb:245:in `checkout_new_connection'
    /Library/Ruby/Gems/1.8/gems/activerecord-2.3.5/lib/active_record/connection_adapters/abstract/connection_pool.rb:188:in `checkout'
    /Library/Ruby/Gems/1.8/gems/activerecord-2.3.5/lib/active_record/connection_adapters/abstract/connection_pool.rb:184:in `loop'
    /Library/Ruby/Gems/1.8/gems/activerecord-2.3.5/lib/active_record/connection_adapters/abstract/connection_pool.rb:184:in `checkout'
    /System/Library/Frameworks/Ruby.framework/Versions/1.8/usr/lib/ruby/1.8/monitor.rb:242:in `synchronize'
    /Library/Ruby/Gems/1.8/gems/activerecord-2.3.5/lib/active_record/connection_adapters/abstract/connection_pool.rb:183:in `checkout'
    /Library/Ruby/Gems/1.8/gems/activerecord-2.3.5/lib/active_record/connection_adapters/abstract/connection_pool.rb:98:in `connection'
    /Library/Ruby/Gems/1.8/gems/activerecord-2.3.5/lib/active_record/connection_adapters/abstract/connection_pool.rb:326:in `retrieve_connection'
    /Library/Ruby/Gems/1.8/gems/activerecord-2.3.5/lib/active_record/connection_adapters/abstract/connection_specification.rb:123:in `retrieve_connection'
    /Library/Ruby/Gems/1.8/gems/activerecord-2.3.5/lib/active_record/connection_adapters/abstract/connection_specification.rb:115:in `connection'
    /Library/Ruby/Gems/1.8/gems/activerecord-2.3.5/lib/active_record/query_cache.rb:9:in `cache'
    /Library/Ruby/Gems/1.8/gems/activerecord-2.3.5/lib/active_record/query_cache.rb:28:in `call'
    /Library/Ruby/Gems/1.8/gems/activerecord-2.3.5/lib/active_record/connection_adapters/abstract/connection_pool.rb:361:in `call'
    /Library/Ruby/Gems/1.8/gems/actionpack-2.3.5/lib/action_controller/string_coercion.rb:25:in `call'
    /Library/Ruby/Gems/1.8/gems/rack-1.0.1/lib/rack/head.rb:9:in `call'
    /Library/Ruby/Gems/1.8/gems/rack-1.0.1/lib/rack/methodoverride.rb:24:in `call'
    /Library/Ruby/Gems/1.8/gems/actionpack-2.3.5/lib/action_controller/params_parser.rb:15:in `call'
    /Library/Ruby/Gems/1.8/gems/actionpack-2.3.5/lib/action_controller/session/cookie_store.rb:93:in `call'
    /Library/Ruby/Gems/1.8/gems/actionpack-2.3.5/lib/action_controller/failsafe.rb:26:in `call'
    /Library/Ruby/Gems/1.8/gems/rack-1.0.1/lib/rack/lock.rb:11:in `call'
    /Library/Ruby/Gems/1.8/gems/rack-1.0.1/lib/rack/lock.rb:11:in `synchronize'
    /Library/Ruby/Gems/1.8/gems/rack-1.0.1/lib/rack/lock.rb:11:in `call'
    /Library/Ruby/Gems/1.8/gems/actionpack-2.3.5/lib/action_controller/dispatcher.rb:114:in `call'
    /Library/Ruby/Gems/1.8/gems/actionpack-2.3.5/lib/action_controller/reloader.rb:34:in `run'
    /Library/Ruby/Gems/1.8/gems/actionpack-2.3.5/lib/action_controller/dispatcher.rb:108:in `call'
    /Library/Ruby/Gems/1.8/gems/rails-2.3.5/lib/rails/rack/static.rb:31:in `call'
    /Library/Ruby/Gems/1.8/gems/rack-1.0.1/lib/rack/urlmap.rb:46:in `call'
    /Library/Ruby/Gems/1.8/gems/rack-1.0.1/lib/rack/urlmap.rb:40:in `each'
    /Library/Ruby/Gems/1.8/gems/rack-1.0.1/lib/rack/urlmap.rb:40:in `call'
    /Library/Ruby/Gems/1.8/gems/rails-2.3.5/lib/rails/rack/log_tailer.rb:17:in `call'
    /Library/Ruby/Gems/1.8/gems/rack-1.0.1/lib/rack/content_length.rb:13:in `call'
    /Library/Ruby/Gems/1.8/gems/rack-1.0.1/lib/rack/chunked.rb:15:in `call'
    /Library/Ruby/Gems/1.8/gems/rack-1.0.1/lib/rack/handler/mongrel.rb:64:in `process'
    /System/Library/Frameworks/Ruby.framework/Versions/1.8/usr/lib/ruby/gems/1.8/gems/mongrel-1.1.5/lib/mongrel.rb:159:in `process_client'
    /System/Library/Frameworks/Ruby.framework/Versions/1.8/usr/lib/ruby/gems/1.8/gems/mongrel-1.1.5/lib/mongrel.rb:158:in `each'
    /System/Library/Frameworks/Ruby.framework/Versions/1.8/usr/lib/ruby/gems/1.8/gems/mongrel-1.1.5/lib/mongrel.rb:158:in `process_client'
    /System/Library/Frameworks/Ruby.framework/Versions/1.8/usr/lib/ruby/gems/1.8/gems/mongrel-1.1.5/lib/mongrel.rb:285:in `run'
    /System/Library/Frameworks/Ruby.framework/Versions/1.8/usr/lib/ruby/gems/1.8/gems/mongrel-1.1.5/lib/mongrel.rb:285:in `initialize'
    /System/Library/Frameworks/Ruby.framework/Versions/1.8/usr/lib/ruby/gems/1.8/gems/mongrel-1.1.5/lib/mongrel.rb:285:in `new'
    /System/Library/Frameworks/Ruby.framework/Versions/1.8/usr/lib/ruby/gems/1.8/gems/mongrel-1.1.5/lib/mongrel.rb:285:in `run'
    /System/Library/Frameworks/Ruby.framework/Versions/1.8/usr/lib/ruby/gems/1.8/gems/mongrel-1.1.5/lib/mongrel.rb:268:in `initialize'
    /System/Library/Frameworks/Ruby.framework/Versions/1.8/usr/lib/ruby/gems/1.8/gems/mongrel-1.1.5/lib/mongrel.rb:268:in `new'
    /System/Library/Frameworks/Ruby.framework/Versions/1.8/usr/lib/ruby/gems/1.8/gems/mongrel-1.1.5/lib/mongrel.rb:268:in `run'
    /Library/Ruby/Gems/1.8/gems/rack-1.0.1/lib/rack/handler/mongrel.rb:34:in `run'
    /Library/Ruby/Gems/1.8/gems/rails-2.3.5/lib/commands/server.rb:111
    /Library/Ruby/Site/1.8/rubygems/custom_require.rb:31:in `gem_original_require'
    /Library/Ruby/Site/1.8/rubygems/custom_require.rb:31:in `require'
    script/server:3
/!\ FAILSAFE /!\  Thu Jan 28 22:05:38 +0100 2010
  Status: 500 Internal Server Error
  uninitialized constant MysqlCompat::MysqlRes
    /Library/Ruby/Gems/1.8/gems/activesupport-2.3.5/lib/active_support/dependencies.rb:440:in `load_missing_constant'
    /Library/Ruby/Gems/1.8/gems/activesupport-2.3.5/lib/active_support/dependencies.rb:80:in `const_missing'
    /Library/Ruby/Gems/1.8/gems/activerecord-2.3.5/lib/active_record/connection_adapters/mysql_adapter.rb:9:in `define_all_hashes_method!'
    /Library/Ruby/Gems/1.8/gems/activerecord-2.3.5/lib/active_record/connection_adapters/mysql_adapter.rb:68:in `mysql_connection'
    /Library/Ruby/Gems/1.8/gems/activerecord-2.3.5/lib/active_record/connection_adapters/abstract/connection_pool.rb:223:in `send'
    /Library/Ruby/Gems/1.8/gems/activerecord-2.3.5/lib/active_record/connection_adapters/abstract/connection_pool.rb:223:in `new_connection'
    /Library/Ruby/Gems/1.8/gems/activerecord-2.3.5/lib/active_record/connection_adapters/abstract/connection_pool.rb:245:in `checkout_new_connection'
    /Library/Ruby/Gems/1.8/gems/activerecord-2.3.5/lib/active_record/connection_adapters/abstract/connection_pool.rb:188:in `checkout'
    /Library/Ruby/Gems/1.8/gems/activerecord-2.3.5/lib/active_record/connection_adapters/abstract/connection_pool.rb:184:in `loop'
    /Library/Ruby/Gems/1.8/gems/activerecord-2.3.5/lib/active_record/connection_adapters/abstract/connection_pool.rb:184:in `checkout'
    /System/Library/Frameworks/Ruby.framework/Versions/1.8/usr/lib/ruby/1.8/monitor.rb:242:in `synchronize'
    /Library/Ruby/Gems/1.8/gems/activerecord-2.3.5/lib/active_record/connection_adapters/abstract/connection_pool.rb:183:in `checkout'
    /Library/Ruby/Gems/1.8/gems/activerecord-2.3.5/lib/active_record/connection_adapters/abstract/connection_pool.rb:98:in `connection'
    /Library/Ruby/Gems/1.8/gems/activerecord-2.3.5/lib/active_record/connection_adapters/abstract/connection_pool.rb:326:in `retrieve_connection'
    /Library/Ruby/Gems/1.8/gems/activerecord-2.3.5/lib/active_record/connection_adapters/abstract/connection_specification.rb:123:in `retrieve_connection'
    /Library/Ruby/Gems/1.8/gems/activerecord-2.3.5/lib/active_record/connection_adapters/abstract/connection_specification.rb:115:in `connection'
    /Library/Ruby/Gems/1.8/gems/activerecord-2.3.5/lib/active_record/query_cache.rb:9:in `cache'
    /Library/Ruby/Gems/1.8/gems/activerecord-2.3.5/lib/active_record/query_cache.rb:28:in `call'
    /Library/Ruby/Gems/1.8/gems/activerecord-2.3.5/lib/active_record/connection_adapters/abstract/connection_pool.rb:361:in `call'
    /Library/Ruby/Gems/1.8/gems/actionpack-2.3.5/lib/action_controller/string_coercion.rb:25:in `call'
    /Library/Ruby/Gems/1.8/gems/rack-1.0.1/lib/rack/head.rb:9:in `call'
    /Library/Ruby/Gems/1.8/gems/rack-1.0.1/lib/rack/methodoverride.rb:24:in `call'
    /Library/Ruby/Gems/1.8/gems/actionpack-2.3.5/lib/action_controller/params_parser.rb:15:in `call'
    /Library/Ruby/Gems/1.8/gems/actionpack-2.3.5/lib/action_controller/session/cookie_store.rb:93:in `call'
    /Library/Ruby/Gems/1.8/gems/actionpack-2.3.5/lib/action_controller/failsafe.rb:26:in `call'
    /Library/Ruby/Gems/1.8/gems/rack-1.0.1/lib/rack/lock.rb:11:in `call'
    /Library/Ruby/Gems/1.8/gems/rack-1.0.1/lib/rack/lock.rb:11:in `synchronize'
    /Library/Ruby/Gems/1.8/gems/rack-1.0.1/lib/rack/lock.rb:11:in `call'
    /Library/Ruby/Gems/1.8/gems/actionpack-2.3.5/lib/action_controller/dispatcher.rb:114:in `call'
    /Library/Ruby/Gems/1.8/gems/actionpack-2.3.5/lib/action_controller/reloader.rb:34:in `run'
    /Library/Ruby/Gems/1.8/gems/actionpack-2.3.5/lib/action_controller/dispatcher.rb:108:in `call'
    /Library/Ruby/Gems/1.8/gems/rails-2.3.5/lib/rails/rack/static.rb:31:in `call'
    /Library/Ruby/Gems/1.8/gems/rack-1.0.1/lib/rack/urlmap.rb:46:in `call'
    /Library/Ruby/Gems/1.8/gems/rack-1.0.1/lib/rack/urlmap.rb:40:in `each'
    /Library/Ruby/Gems/1.8/gems/rack-1.0.1/lib/rack/urlmap.rb:40:in `call'
    /Library/Ruby/Gems/1.8/gems/rails-2.3.5/lib/rails/rack/log_tailer.rb:17:in `call'
    /Library/Ruby/Gems/1.8/gems/rack-1.0.1/lib/rack/content_length.rb:13:in `call'
    /Library/Ruby/Gems/1.8/gems/rack-1.0.1/lib/rack/chunked.rb:15:in `call'
    /Library/Ruby/Gems/1.8/gems/rack-1.0.1/lib/rack/handler/mongrel.rb:64:in `process'
    /System/Library/Frameworks/Ruby.framework/Versions/1.8/usr/lib/ruby/gems/1.8/gems/mongrel-1.1.5/lib/mongrel.rb:159:in `process_client'
    /System/Library/Frameworks/Ruby.framework/Versions/1.8/usr/lib/ruby/gems/1.8/gems/mongrel-1.1.5/lib/mongrel.rb:158:in `each'
    /System/Library/Frameworks/Ruby.framework/Versions/1.8/usr/lib/ruby/gems/1.8/gems/mongrel-1.1.5/lib/mongrel.rb:158:in `process_client'
    /System/Library/Frameworks/Ruby.framework/Versions/1.8/usr/lib/ruby/gems/1.8/gems/mongrel-1.1.5/lib/mongrel.rb:285:in `run'
    /System/Library/Frameworks/Ruby.framework/Versions/1.8/usr/lib/ruby/gems/1.8/gems/mongrel-1.1.5/lib/mongrel.rb:285:in `initialize'
    /System/Library/Frameworks/Ruby.framework/Versions/1.8/usr/lib/ruby/gems/1.8/gems/mongrel-1.1.5/lib/mongrel.rb:285:in `new'
    /System/Library/Frameworks/Ruby.framework/Versions/1.8/usr/lib/ruby/gems/1.8/gems/mongrel-1.1.5/lib/mongrel.rb:285:in `run'
    /System/Library/Frameworks/Ruby.framework/Versions/1.8/usr/lib/ruby/gems/1.8/gems/mongrel-1.1.5/lib/mongrel.rb:268:in `initialize'
    /System/Library/Frameworks/Ruby.framework/Versions/1.8/usr/lib/ruby/gems/1.8/gems/mongrel-1.1.5/lib/mongrel.rb:268:in `new'
    /System/Library/Frameworks/Ruby.framework/Versions/1.8/usr/lib/ruby/gems/1.8/gems/mongrel-1.1.5/lib/mongrel.rb:268:in `run'
    /Library/Ruby/Gems/1.8/gems/rack-1.0.1/lib/rack/handler/mongrel.rb:34:in `run'
    /Library/Ruby/Gems/1.8/gems/rails-2.3.5/lib/commands/server.rb:111
    /Library/Ruby/Site/1.8/rubygems/custom_require.rb:31:in `gem_original_require'
    /Library/Ruby/Site/1.8/rubygems/custom_require.rb:31:in `require'
    script/server:3
/!\ FAILSAFE /!\  Thu Jan 28 22:05:41 +0100 2010
  Status: 500 Internal Server Error
  uninitialized constant MysqlCompat::MysqlRes
    /Library/Ruby/Gems/1.8/gems/activesupport-2.3.5/lib/active_support/dependencies.rb:440:in `load_missing_constant'
    /Library/Ruby/Gems/1.8/gems/activesupport-2.3.5/lib/active_support/dependencies.rb:80:in `const_missing'
    /Library/Ruby/Gems/1.8/gems/activerecord-2.3.5/lib/active_record/connection_adapters/mysql_adapter.rb:9:in `define_all_hashes_method!'
    /Library/Ruby/Gems/1.8/gems/activerecord-2.3.5/lib/active_record/connection_adapters/mysql_adapter.rb:68:in `mysql_connection'
    /Library/Ruby/Gems/1.8/gems/activerecord-2.3.5/lib/active_record/connection_adapters/abstract/connection_pool.rb:223:in `send'
    /Library/Ruby/Gems/1.8/gems/activerecord-2.3.5/lib/active_record/connection_adapters/abstract/connection_pool.rb:223:in `new_connection'
    /Library/Ruby/Gems/1.8/gems/activerecord-2.3.5/lib/active_record/connection_adapters/abstract/connection_pool.rb:245:in `checkout_new_connection'
    /Library/Ruby/Gems/1.8/gems/activerecord-2.3.5/lib/active_record/connection_adapters/abstract/connection_pool.rb:188:in `checkout'
    /Library/Ruby/Gems/1.8/gems/activerecord-2.3.5/lib/active_record/connection_adapters/abstract/connection_pool.rb:184:in `loop'
    /Library/Ruby/Gems/1.8/gems/activerecord-2.3.5/lib/active_record/connection_adapters/abstract/connection_pool.rb:184:in `checkout'
    /System/Library/Frameworks/Ruby.framework/Versions/1.8/usr/lib/ruby/1.8/monitor.rb:242:in `synchronize'
    /Library/Ruby/Gems/1.8/gems/activerecord-2.3.5/lib/active_record/connection_adapters/abstract/connection_pool.rb:183:in `checkout'
    /Library/Ruby/Gems/1.8/gems/activerecord-2.3.5/lib/active_record/connection_adapters/abstract/connection_pool.rb:98:in `connection'
    /Library/Ruby/Gems/1.8/gems/activerecord-2.3.5/lib/active_record/connection_adapters/abstract/connection_pool.rb:326:in `retrieve_connection'
    /Library/Ruby/Gems/1.8/gems/activerecord-2.3.5/lib/active_record/connection_adapters/abstract/connection_specification.rb:123:in `retrieve_connection'
    /Library/Ruby/Gems/1.8/gems/activerecord-2.3.5/lib/active_record/connection_adapters/abstract/connection_specification.rb:115:in `connection'
    /Library/Ruby/Gems/1.8/gems/activerecord-2.3.5/lib/active_record/query_cache.rb:9:in `cache'
    /Library/Ruby/Gems/1.8/gems/activerecord-2.3.5/lib/active_record/query_cache.rb:28:in `call'
    /Library/Ruby/Gems/1.8/gems/activerecord-2.3.5/lib/active_record/connection_adapters/abstract/connection_pool.rb:361:in `call'
    /Library/Ruby/Gems/1.8/gems/actionpack-2.3.5/lib/action_controller/string_coercion.rb:25:in `call'
    /Library/Ruby/Gems/1.8/gems/rack-1.0.1/lib/rack/head.rb:9:in `call'
    /Library/Ruby/Gems/1.8/gems/rack-1.0.1/lib/rack/methodoverride.rb:24:in `call'
    /Library/Ruby/Gems/1.8/gems/actionpack-2.3.5/lib/action_controller/params_parser.rb:15:in `call'
    /Library/Ruby/Gems/1.8/gems/actionpack-2.3.5/lib/action_controller/session/cookie_store.rb:93:in `call'
    /Library/Ruby/Gems/1.8/gems/actionpack-2.3.5/lib/action_controller/failsafe.rb:26:in `call'
    /Library/Ruby/Gems/1.8/gems/rack-1.0.1/lib/rack/lock.rb:11:in `call'
    /Library/Ruby/Gems/1.8/gems/rack-1.0.1/lib/rack/lock.rb:11:in `synchronize'
    /Library/Ruby/Gems/1.8/gems/rack-1.0.1/lib/rack/lock.rb:11:in `call'
    /Library/Ruby/Gems/1.8/gems/actionpack-2.3.5/lib/action_controller/dispatcher.rb:114:in `call'
    /Library/Ruby/Gems/1.8/gems/actionpack-2.3.5/lib/action_controller/reloader.rb:34:in `run'
    /Library/Ruby/Gems/1.8/gems/actionpack-2.3.5/lib/action_controller/dispatcher.rb:108:in `call'
    /Library/Ruby/Gems/1.8/gems/rails-2.3.5/lib/rails/rack/static.rb:31:in `call'
    /Library/Ruby/Gems/1.8/gems/rack-1.0.1/lib/rack/urlmap.rb:46:in `call'
    /Library/Ruby/Gems/1.8/gems/rack-1.0.1/lib/rack/urlmap.rb:40:in `each'
    /Library/Ruby/Gems/1.8/gems/rack-1.0.1/lib/rack/urlmap.rb:40:in `call'
    /Library/Ruby/Gems/1.8/gems/rails-2.3.5/lib/rails/rack/log_tailer.rb:17:in `call'
    /Library/Ruby/Gems/1.8/gems/rack-1.0.1/lib/rack/content_length.rb:13:in `call'
    /Library/Ruby/Gems/1.8/gems/rack-1.0.1/lib/rack/chunked.rb:15:in `call'
    /Library/Ruby/Gems/1.8/gems/rack-1.0.1/lib/rack/handler/mongrel.rb:64:in `process'
    /System/Library/Frameworks/Ruby.framework/Versions/1.8/usr/lib/ruby/gems/1.8/gems/mongrel-1.1.5/lib/mongrel.rb:159:in `process_client'
    /System/Library/Frameworks/Ruby.framework/Versions/1.8/usr/lib/ruby/gems/1.8/gems/mongrel-1.1.5/lib/mongrel.rb:158:in `each'
    /System/Library/Frameworks/Ruby.framework/Versions/1.8/usr/lib/ruby/gems/1.8/gems/mongrel-1.1.5/lib/mongrel.rb:158:in `process_client'
    /System/Library/Frameworks/Ruby.framework/Versions/1.8/usr/lib/ruby/gems/1.8/gems/mongrel-1.1.5/lib/mongrel.rb:285:in `run'
    /System/Library/Frameworks/Ruby.framework/Versions/1.8/usr/lib/ruby/gems/1.8/gems/mongrel-1.1.5/lib/mongrel.rb:285:in `initialize'
    /System/Library/Frameworks/Ruby.framework/Versions/1.8/usr/lib/ruby/gems/1.8/gems/mongrel-1.1.5/lib/mongrel.rb:285:in `new'
    /System/Library/Frameworks/Ruby.framework/Versions/1.8/usr/lib/ruby/gems/1.8/gems/mongrel-1.1.5/lib/mongrel.rb:285:in `run'
    /System/Library/Frameworks/Ruby.framework/Versions/1.8/usr/lib/ruby/gems/1.8/gems/mongrel-1.1.5/lib/mongrel.rb:268:in `initialize'
    /System/Library/Frameworks/Ruby.framework/Versions/1.8/usr/lib/ruby/gems/1.8/gems/mongrel-1.1.5/lib/mongrel.rb:268:in `new'
    /System/Library/Frameworks/Ruby.framework/Versions/1.8/usr/lib/ruby/gems/1.8/gems/mongrel-1.1.5/lib/mongrel.rb:268:in `run'
    /Library/Ruby/Gems/1.8/gems/rack-1.0.1/lib/rack/handler/mongrel.rb:34:in `run'
    /Library/Ruby/Gems/1.8/gems/rails-2.3.5/lib/commands/server.rb:111
    /Library/Ruby/Site/1.8/rubygems/custom_require.rb:31:in `gem_original_require'
    /Library/Ruby/Site/1.8/rubygems/custom_require.rb:31:in `require'
    script/server:3
/!\ FAILSAFE /!\  Thu Jan 28 22:09:40 +0100 2010
  Status: 500 Internal Server Error
  Unknown database 'article'
    /Library/Ruby/Gems/1.8/gems/activerecord-2.3.5/lib/active_record/connection_adapters/mysql_adapter.rb:589:in `real_connect'
    /Library/Ruby/Gems/1.8/gems/activerecord-2.3.5/lib/active_record/connection_adapters/mysql_adapter.rb:589:in `connect'
    /Library/Ruby/Gems/1.8/gems/activerecord-2.3.5/lib/active_record/connection_adapters/mysql_adapter.rb:203:in `initialize'
    /Library/Ruby/Gems/1.8/gems/activerecord-2.3.5/lib/active_record/connection_adapters/mysql_adapter.rb:75:in `new'
    /Library/Ruby/Gems/1.8/gems/activerecord-2.3.5/lib/active_record/connection_adapters/mysql_adapter.rb:75:in `mysql_connection'
    /Library/Ruby/Gems/1.8/gems/activerecord-2.3.5/lib/active_record/connection_adapters/abstract/connection_pool.rb:223:in `send'
    /Library/Ruby/Gems/1.8/gems/activerecord-2.3.5/lib/active_record/connection_adapters/abstract/connection_pool.rb:223:in `new_connection'
    /Library/Ruby/Gems/1.8/gems/activerecord-2.3.5/lib/active_record/connection_adapters/abstract/connection_pool.rb:245:in `checkout_new_connection'
    /Library/Ruby/Gems/1.8/gems/activerecord-2.3.5/lib/active_record/connection_adapters/abstract/connection_pool.rb:188:in `checkout'
    /Library/Ruby/Gems/1.8/gems/activerecord-2.3.5/lib/active_record/connection_adapters/abstract/connection_pool.rb:184:in `loop'
    /Library/Ruby/Gems/1.8/gems/activerecord-2.3.5/lib/active_record/connection_adapters/abstract/connection_pool.rb:184:in `checkout'
    /System/Library/Frameworks/Ruby.framework/Versions/1.8/usr/lib/ruby/1.8/monitor.rb:242:in `synchronize'
    /Library/Ruby/Gems/1.8/gems/activerecord-2.3.5/lib/active_record/connection_adapters/abstract/connection_pool.rb:183:in `checkout'
    /Library/Ruby/Gems/1.8/gems/activerecord-2.3.5/lib/active_record/connection_adapters/abstract/connection_pool.rb:98:in `connection'
    /Library/Ruby/Gems/1.8/gems/activerecord-2.3.5/lib/active_record/connection_adapters/abstract/connection_pool.rb:326:in `retrieve_connection'
    /Library/Ruby/Gems/1.8/gems/activerecord-2.3.5/lib/active_record/connection_adapters/abstract/connection_specification.rb:123:in `retrieve_connection'
    /Library/Ruby/Gems/1.8/gems/activerecord-2.3.5/lib/active_record/connection_adapters/abstract/connection_specification.rb:115:in `connection'
    /Library/Ruby/Gems/1.8/gems/activerecord-2.3.5/lib/active_record/query_cache.rb:9:in `cache'
    /Library/Ruby/Gems/1.8/gems/activerecord-2.3.5/lib/active_record/query_cache.rb:28:in `call'
    /Library/Ruby/Gems/1.8/gems/activerecord-2.3.5/lib/active_record/connection_adapters/abstract/connection_pool.rb:361:in `call'
    /Library/Ruby/Gems/1.8/gems/actionpack-2.3.5/lib/action_controller/string_coercion.rb:25:in `call'
    /Library/Ruby/Gems/1.8/gems/rack-1.0.1/lib/rack/head.rb:9:in `call'
    /Library/Ruby/Gems/1.8/gems/rack-1.0.1/lib/rack/methodoverride.rb:24:in `call'
    /Library/Ruby/Gems/1.8/gems/actionpack-2.3.5/lib/action_controller/params_parser.rb:15:in `call'
    /Library/Ruby/Gems/1.8/gems/actionpack-2.3.5/lib/action_controller/session/cookie_store.rb:93:in `call'
    /Library/Ruby/Gems/1.8/gems/actionpack-2.3.5/lib/action_controller/failsafe.rb:26:in `call'
    /Library/Ruby/Gems/1.8/gems/rack-1.0.1/lib/rack/lock.rb:11:in `call'
    /Library/Ruby/Gems/1.8/gems/rack-1.0.1/lib/rack/lock.rb:11:in `synchronize'
    /Library/Ruby/Gems/1.8/gems/rack-1.0.1/lib/rack/lock.rb:11:in `call'
    /Library/Ruby/Gems/1.8/gems/actionpack-2.3.5/lib/action_controller/dispatcher.rb:114:in `call'
    /Library/Ruby/Gems/1.8/gems/actionpack-2.3.5/lib/action_controller/reloader.rb:34:in `run'
    /Library/Ruby/Gems/1.8/gems/actionpack-2.3.5/lib/action_controller/dispatcher.rb:108:in `call'
    /Library/Ruby/Gems/1.8/gems/rails-2.3.5/lib/rails/rack/static.rb:31:in `call'
    /Library/Ruby/Gems/1.8/gems/rack-1.0.1/lib/rack/urlmap.rb:46:in `call'
    /Library/Ruby/Gems/1.8/gems/rack-1.0.1/lib/rack/urlmap.rb:40:in `each'
    /Library/Ruby/Gems/1.8/gems/rack-1.0.1/lib/rack/urlmap.rb:40:in `call'
    /Library/Ruby/Gems/1.8/gems/rails-2.3.5/lib/rails/rack/log_tailer.rb:17:in `call'
    /Library/Ruby/Gems/1.8/gems/rack-1.0.1/lib/rack/content_length.rb:13:in `call'
    /Library/Ruby/Gems/1.8/gems/rack-1.0.1/lib/rack/chunked.rb:15:in `call'
    /Library/Ruby/Gems/1.8/gems/rack-1.0.1/lib/rack/handler/mongrel.rb:64:in `process'
    /System/Library/Frameworks/Ruby.framework/Versions/1.8/usr/lib/ruby/gems/1.8/gems/mongrel-1.1.5/lib/mongrel.rb:159:in `process_client'
    /System/Library/Frameworks/Ruby.framework/Versions/1.8/usr/lib/ruby/gems/1.8/gems/mongrel-1.1.5/lib/mongrel.rb:158:in `each'
    /System/Library/Frameworks/Ruby.framework/Versions/1.8/usr/lib/ruby/gems/1.8/gems/mongrel-1.1.5/lib/mongrel.rb:158:in `process_client'
    /System/Library/Frameworks/Ruby.framework/Versions/1.8/usr/lib/ruby/gems/1.8/gems/mongrel-1.1.5/lib/mongrel.rb:285:in `run'
    /System/Library/Frameworks/Ruby.framework/Versions/1.8/usr/lib/ruby/gems/1.8/gems/mongrel-1.1.5/lib/mongrel.rb:285:in `initialize'
    /System/Library/Frameworks/Ruby.framework/Versions/1.8/usr/lib/ruby/gems/1.8/gems/mongrel-1.1.5/lib/mongrel.rb:285:in `new'
    /System/Library/Frameworks/Ruby.framework/Versions/1.8/usr/lib/ruby/gems/1.8/gems/mongrel-1.1.5/lib/mongrel.rb:285:in `run'
    /System/Library/Frameworks/Ruby.framework/Versions/1.8/usr/lib/ruby/gems/1.8/gems/mongrel-1.1.5/lib/mongrel.rb:268:in `initialize'
    /System/Library/Frameworks/Ruby.framework/Versions/1.8/usr/lib/ruby/gems/1.8/gems/mongrel-1.1.5/lib/mongrel.rb:268:in `new'
    /System/Library/Frameworks/Ruby.framework/Versions/1.8/usr/lib/ruby/gems/1.8/gems/mongrel-1.1.5/lib/mongrel.rb:268:in `run'
    /Library/Ruby/Gems/1.8/gems/rack-1.0.1/lib/rack/handler/mongrel.rb:34:in `run'
    /Library/Ruby/Gems/1.8/gems/rails-2.3.5/lib/commands/server.rb:111
    /Library/Ruby/Site/1.8/rubygems/custom_require.rb:31:in `gem_original_require'
    /Library/Ruby/Site/1.8/rubygems/custom_require.rb:31:in `require'
    script/server:3
  [4;36;1mSQL (0.2ms)[0m   [0;1mSET SQL_AUTO_IS_NULL=0[0m


Processing PostsController#index (for 127.0.0.1 at 2010-01-28 22:11:30) [GET]
  [4;35;1mPost Load (0.7ms)[0m   [0mSELECT * FROM `posts` [0m
Rendering template within layouts/application
Rendering posts/index
  [4;36;1mPost Columns (1.2ms)[0m   [0;1mSHOW FIELDS FROM `posts`[0m
  [4;35;1mUser Columns (1.3ms)[0m   [0mSHOW FIELDS FROM `users`[0m
  [4;36;1mUser Load (0.7ms)[0m   [0;1mSELECT * FROM `users` WHERE (`users`.`id` = 1) [0m
Completed in 217ms (View: 186, DB: 4) | 200 OK [http://localhost/]
  [4;35;1mSQL (0.2ms)[0m   [0mSET SQL_AUTO_IS_NULL=0[0m


Processing PostsController#show (for 127.0.0.1 at 2010-01-28 22:11:33) [GET]
  Parameters: {"id"=>"2"}
  [4;36;1mPost Columns (1.2ms)[0m   [0;1mSHOW FIELDS FROM `posts`[0m
  [4;35;1mPost Load (0.5ms)[0m   [0mSELECT * FROM `posts` WHERE (`posts`.`id` = 2) [0m
Rendering template within layouts/application
Rendering posts/show
  [4;36;1mUser Columns (1.2ms)[0m   [0;1mSHOW FIELDS FROM `users`[0m
  [4;35;1mUser Load (0.7ms)[0m   [0mSELECT * FROM `users` WHERE (`users`.`id` = 1) [0m
Completed in 27ms (View: 19, DB: 4) | 200 OK [http://localhost/posts/2]
